app/build/intermediates/manifest_merge_blame_file/release/processReleaseMainManifest/manifest-merger-blame-release-report.txt
1<?xml version="1.0" encoding="utf-8"?>
2<manifest xmlns:android="http://schemas.android.com/apk/res/android"
3    package="com.synsound.app"
4    android:versionCode="1"
5    android:versionName="1.0.0" >
6
7    <uses-sdk
8        android:minSdkVersion="26"
9        android:targetSdkVersion="35" />
10
11    <!-- Permissions -->
12    <uses-permission android:name="android.permission.INTERNET" />
12-->src\main\AndroidManifest.xml:6:5-67
12-->src\main\AndroidManifest.xml:6:22-64
13    <uses-permission android:name="android.permission.ACCESS_NETWORK_STATE" />
13-->src\main\AndroidManifest.xml:7:5-79
13-->src\main\AndroidManifest.xml:7:22-76
14    <uses-permission android:name="android.permission.RECORD_AUDIO" />
14-->src\main\AndroidManifest.xml:8:5-71
14-->src\main\AndroidManifest.xml:8:22-68
15    <uses-permission android:name="android.permission.MODIFY_AUDIO_SETTINGS" />
15-->src\main\AndroidManifest.xml:9:5-80
15-->src\main\AndroidManifest.xml:9:22-77
16
17    <!-- Optional Hardware Features -->
18    <uses-feature
18-->src\main\AndroidManifest.xml:12:5-14:36
19        android:name="android.hardware.microphone"
19-->src\main\AndroidManifest.xml:13:9-51
20        android:required="false" />
20-->src\main\AndroidManifest.xml:14:9-33
21
22    <permission
22-->[androidx.core:core:1.13.1] AndroidManifest.xml:22:5-24:47
23        android:name="com.synsound.app.DYNAMIC_RECEIVER_NOT_EXPORTED_PERMISSION"
23-->[androidx.core:core:1.13.1] AndroidManifest.xml:23:9-81
24        android:protectionLevel="signature" />
24-->[androidx.core:core:1.13.1] AndroidManifest.xml:24:9-44
25
26    <uses-permission android:name="com.synsound.app.DYNAMIC_RECEIVER_NOT_EXPORTED_PERMISSION" />
26-->[androidx.core:core:1.13.1] AndroidManifest.xml:26:5-97
26-->[androidx.core:core:1.13.1] AndroidManifest.xml:26:22-94
27
28    <application
28-->src\main\AndroidManifest.xml:16:5-52:19
29        android:allowBackup="true"
29-->src\main\AndroidManifest.xml:17:9-35
30        android:appComponentFactory="androidx.core.app.CoreComponentFactory"
30-->[androidx.core:core:1.13.1] AndroidManifest.xml:28:18-86
31        android:dataExtractionRules="@null"
31-->src\main\AndroidManifest.xml:18:9-44
32        android:extractNativeLibs="false"
33        android:fullBackupContent="@null"
33-->src\main\AndroidManifest.xml:19:9-42
34        android:icon="@mipmap/ic_launcher"
34-->src\main\AndroidManifest.xml:20:9-43
35        android:label="@string/app_name"
35-->src\main\AndroidManifest.xml:21:9-41
36        android:networkSecurityConfig="@xml/network_security_config"
36-->src\main\AndroidManifest.xml:22:9-69
37        android:roundIcon="@mipmap/ic_launcher_round"
37-->src\main\AndroidManifest.xml:23:9-54
38        android:supportsRtl="true"
38-->src\main\AndroidManifest.xml:24:9-35
39        android:theme="@style/Theme.SynSound.Splash"
39-->src\main\AndroidManifest.xml:25:9-53
40        android:usesCleartextTraffic="false" >
40-->src\main\AndroidManifest.xml:26:9-45
41        <activity
41-->src\main\AndroidManifest.xml:29:9-50:20
42            android:name="com.synsound.app.MainActivity"
42-->src\main\AndroidManifest.xml:30:13-41
43            android:configChanges="orientation|screenSize|screenLayout|keyboardHidden|smallestScreenSize|density"
43-->src\main\AndroidManifest.xml:31:13-114
44            android:exported="true"
44-->src\main\AndroidManifest.xml:32:13-36
45            android:windowSoftInputMode="adjustResize" >
45-->src\main\AndroidManifest.xml:33:13-55
46
47            <!-- Main Launcher Intent Filter -->
48            <intent-filter>
48-->src\main\AndroidManifest.xml:36:13-39:29
49                <action android:name="android.intent.action.MAIN" />
49-->src\main\AndroidManifest.xml:37:17-69
49-->src\main\AndroidManifest.xml:37:25-66
50
51                <category android:name="android.intent.category.LAUNCHER" />
51-->src\main\AndroidManifest.xml:38:17-77
51-->src\main\AndroidManifest.xml:38:27-74
52            </intent-filter>
53
54            <!-- Deep Link Intent Filter for SynSound URLs -->
55            <intent-filter android:autoVerify="true" >
55-->src\main\AndroidManifest.xml:42:13-49:29
55-->src\main\AndroidManifest.xml:42:28-53
56                <action android:name="android.intent.action.VIEW" />
56-->src\main\AndroidManifest.xml:43:17-69
56-->src\main\AndroidManifest.xml:43:25-66
57
58                <category android:name="android.intent.category.DEFAULT" />
58-->src\main\AndroidManifest.xml:44:17-76
58-->src\main\AndroidManifest.xml:44:27-73
59                <category android:name="android.intent.category.BROWSABLE" />
59-->src\main\AndroidManifest.xml:45:17-78
59-->src\main\AndroidManifest.xml:45:27-75
60
61                <data
61-->src\main\AndroidManifest.xml:46:17-48:63
62                    android:host="synsound-beta.base44.app"
62-->src\main\AndroidManifest.xml:48:21-60
63                    android:scheme="https" />
63-->src\main\AndroidManifest.xml:47:21-43
64            </intent-filter>
65        </activity>
66
67        <provider
67-->[androidx.emoji2:emoji2:1.3.0] AndroidManifest.xml:24:9-32:20
68            android:name="androidx.startup.InitializationProvider"
68-->[androidx.emoji2:emoji2:1.3.0] AndroidManifest.xml:25:13-67
69            android:authorities="com.synsound.app.androidx-startup"
69-->[androidx.emoji2:emoji2:1.3.0] AndroidManifest.xml:26:13-68
70            android:exported="false" >
70-->[androidx.emoji2:emoji2:1.3.0] AndroidManifest.xml:27:13-37
71            <meta-data
71-->[androidx.emoji2:emoji2:1.3.0] AndroidManifest.xml:29:13-31:52
72                android:name="androidx.emoji2.text.EmojiCompatInitializer"
72-->[androidx.emoji2:emoji2:1.3.0] AndroidManifest.xml:30:17-75
73                android:value="androidx.startup" />
73-->[androidx.emoji2:emoji2:1.3.0] AndroidManifest.xml:31:17-49
74            <meta-data
74-->[androidx.lifecycle:lifecycle-process:2.6.2] AndroidManifest.xml:29:13-31:52
75                android:name="androidx.lifecycle.ProcessLifecycleInitializer"
75-->[androidx.lifecycle:lifecycle-process:2.6.2] AndroidManifest.xml:30:17-78
76                android:value="androidx.startup" />
76-->[androidx.lifecycle:lifecycle-process:2.6.2] AndroidManifest.xml:31:17-49
77            <meta-data
77-->[androidx.profileinstaller:profileinstaller:1.3.1] AndroidManifest.xml:29:13-31:52
78                android:name="androidx.profileinstaller.ProfileInstallerInitializer"
78-->[androidx.profileinstaller:profileinstaller:1.3.1] AndroidManifest.xml:30:17-85
79                android:value="androidx.startup" />
79-->[androidx.profileinstaller:profileinstaller:1.3.1] AndroidManifest.xml:31:17-49
80        </provider>
81
82        <receiver
82-->[androidx.profileinstaller:profileinstaller:1.3.1] AndroidManifest.xml:34:9-52:20
83            android:name="androidx.profileinstaller.ProfileInstallReceiver"
83-->[androidx.profileinstaller:profileinstaller:1.3.1] AndroidManifest.xml:35:13-76
84            android:directBootAware="false"
84-->[androidx.profileinstaller:profileinstaller:1.3.1] AndroidManifest.xml:36:13-44
85            android:enabled="true"
85-->[androidx.profileinstaller:profileinstaller:1.3.1] AndroidManifest.xml:37:13-35
86            android:exported="true"
86-->[androidx.profileinstaller:profileinstaller:1.3.1] AndroidManifest.xml:38:13-36
87            android:permission="android.permission.DUMP" >
87-->[androidx.profileinstaller:profileinstaller:1.3.1] AndroidManifest.xml:39:13-57
88            <intent-filter>
88-->[androidx.profileinstaller:profileinstaller:1.3.1] AndroidManifest.xml:40:13-42:29
89                <action android:name="androidx.profileinstaller.action.INSTALL_PROFILE" />
89-->[androidx.profileinstaller:profileinstaller:1.3.1] AndroidManifest.xml:41:17-91
89-->[androidx.profileinstaller:profileinstaller:1.3.1] AndroidManifest.xml:41:25-88
90            </intent-filter>
91            <intent-filter>
91-->[androidx.profileinstaller:profileinstaller:1.3.1] AndroidManifest.xml:43:13-45:29
92                <action android:name="androidx.profileinstaller.action.SKIP_FILE" />
92-->[androidx.profileinstaller:profileinstaller:1.3.1] AndroidManifest.xml:44:17-85
92-->[androidx.profileinstaller:profileinstaller:1.3.1] AndroidManifest.xml:44:25-82
93            </intent-filter>
94            <intent-filter>
94-->[androidx.profileinstaller:profileinstaller:1.3.1] AndroidManifest.xml:46:13-48:29
95                <action android:name="androidx.profileinstaller.action.SAVE_PROFILE" />
95-->[androidx.profileinstaller:profileinstaller:1.3.1] AndroidManifest.xml:47:17-88
95-->[androidx.profileinstaller:profileinstaller:1.3.1] AndroidManifest.xml:47:25-85
96            </intent-filter>
97            <intent-filter>
97-->[androidx.profileinstaller:profileinstaller:1.3.1] AndroidManifest.xml:49:13-51:29
98                <action android:name="androidx.profileinstaller.action.BENCHMARK_OPERATION" />
98-->[androidx.profileinstaller:profileinstaller:1.3.1] AndroidManifest.xml:50:17-95
98-->[androidx.profileinstaller:profileinstaller:1.3.1] AndroidManifest.xml:50:25-92
99            </intent-filter>
100        </receiver>
101    </application>
102
103</manifest>